{"D:\\Projects\\VibgyorPaymentHandler\\frontend\\src\\app\\app.component.ts": {"path":"D:\\Projects\\VibgyorPaymentHandler\\frontend\\src\\app\\app.component.ts","statementMap":{"0":{"start":{"line":1,"column":0},"end":{"line":1,"column":42}},"1":{"start":{"line":2,"column":0},"end":{"line":2,"column":47}},"2":{"start":{"line":3,"column":0},"end":{"line":3,"column":83}},"3":{"start":{"line":14,"column":7},"end":{"line":16,"column":null}},"4":{"start":{"line":15,"column":10},"end":{"line":15,"column":35}},"5":{"start":{"line":14,"column":13},"end":{"line":14,"column":25}},"6":{"start":{"line":14,"column":13},"end":{"line":16,"column":null}}},"fnMap":{},"branchMap":{},"s":{"0":0,"1":0,"2":0,"3":0,"4":0,"5":0,"6":0},"f":{},"b":{}}
,"D:\\Projects\\VibgyorPaymentHandler\\frontend\\src\\app\\theme-test.component.ts": {"path":"D:\\Projects\\VibgyorPaymentHandler\\frontend\\src\\app\\theme-test.component.ts","statementMap":{"0":{"start":{"line":7,"column":0},"end":{"line":7,"column":42}},"1":{"start":{"line":8,"column":0},"end":{"line":8,"column":47}},"2":{"start":{"line":90,"column":7},"end":{"line":90,"column":null}},"3":{"start":{"line":90,"column":13},"end":{"line":90,"column":31}},"4":{"start":{"line":90,"column":13},"end":{"line":90,"column":null}}},"fnMap":{},"branchMap":{},"s":{"0":1,"1":1,"2":1,"3":1,"4":1},"f":{},"b":{}}
,"D:\\Projects\\VibgyorPaymentHandler\\frontend\\src\\app\\components\\index.ts": {"path":"D:\\Projects\\VibgyorPaymentHandler\\frontend\\src\\app\\components\\index.ts","statementMap":{"0":{"start":{"line":1,"column":0},"end":{"line":1,"column":54}},"1":{"start":{"line":2,"column":0},"end":{"line":2,"column":70}}},"fnMap":{},"branchMap":{},"s":{"0":0,"1":0},"f":{},"b":{}}
,"D:\\Projects\\VibgyorPaymentHandler\\frontend\\src\\app\\components\\billing-cycle-toggle\\billing-cycle-toggle.component.ts": {"path":"D:\\Projects\\VibgyorPaymentHandler\\frontend\\src\\app\\components\\billing-cycle-toggle\\billing-cycle-toggle.component.ts","statementMap":{"0":{"start":{"line":1,"column":0},"end":{"line":1,"column":71}},"1":{"start":{"line":2,"column":0},"end":{"line":2,"column":47}},"2":{"start":{"line":12,"column":49},"end":{"line":12,"column":58}},"3":{"start":{"line":13,"column":27},"end":{"line":13,"column":67}},"4":{"start":{"line":16,"column":4},"end":{"line":18,"column":5}},"5":{"start":{"line":17,"column":6},"end":{"line":17,"column":36}},"6":{"start":{"line":11,"column":13},"end":{"line":11,"column":40}},"7":{"start":{"line":11,"column":13},"end":{"line":20,"column":null}}},"fnMap":{"0":{"name":"(anonymous_0)","decl":{"start":{"line":15,"column":2},"end":{"line":15,"column":10}},"loc":{"start":{"line":15,"column":38},"end":{"line":19,"column":3}}}},"branchMap":{"0":{"loc":{"start":{"line":16,"column":4},"end":{"line":18,"column":5}},"type":"if","locations":[{"start":{"line":16,"column":4},"end":{"line":18,"column":5}}]}},"s":{"0":4,"1":4,"2":132,"3":132,"4":1713,"5":612,"6":4,"7":4},"f":{"0":1713},"b":{"0":[612]}}
,"D:\\Projects\\VibgyorPaymentHandler\\frontend\\src\\app\\components\\pricing-card\\pricing-card.component.ts": {"path":"D:\\Projects\\VibgyorPaymentHandler\\frontend\\src\\app\\components\\pricing-card\\pricing-card.component.ts","statementMap":{"0":{"start":{"line":1,"column":0},"end":{"line":1,"column":71}},"1":{"start":{"line":2,"column":0},"end":{"line":2,"column":47}},"2":{"start":{"line":14,"column":49},"end":{"line":14,"column":58}},"3":{"start":{"line":15,"column":31},"end":{"line":15,"column":36}},"4":{"start":{"line":17,"column":27},"end":{"line":17,"column":53}},"5":{"start":{"line":18,"column":29},"end":{"line":18,"column":53}},"6":{"start":{"line":21,"column":4},"end":{"line":23,"column":5}},"7":{"start":{"line":22,"column":6},"end":{"line":22,"column":22}},"8":{"start":{"line":24,"column":19},"end":{"line":26,"column":30}},"9":{"start":{"line":27,"column":4},"end":{"line":27,"column":41}},"10":{"start":{"line":31,"column":4},"end":{"line":31,"column":65}},"11":{"start":{"line":35,"column":4},"end":{"line":35,"column":46}},"12":{"start":{"line":39,"column":4},"end":{"line":39,"column":31}},"13":{"start":{"line":12,"column":13},"end":{"line":12,"column":33}},"14":{"start":{"line":12,"column":13},"end":{"line":41,"column":null}}},"fnMap":{"0":{"name":"(anonymous_0)","decl":{"start":{"line":20,"column":2},"end":{"line":20,"column":10}},"loc":{"start":{"line":20,"column":10},"end":{"line":28,"column":3}}},"1":{"name":"(anonymous_1)","decl":{"start":{"line":30,"column":2},"end":{"line":30,"column":16}},"loc":{"start":{"line":30,"column":16},"end":{"line":32,"column":3}}},"2":{"name":"(anonymous_2)","decl":{"start":{"line":34,"column":2},"end":{"line":34,"column":17}},"loc":{"start":{"line":34,"column":17},"end":{"line":36,"column":3}}},"3":{"name":"(anonymous_3)","decl":{"start":{"line":38,"column":2},"end":{"line":38,"column":16}},"loc":{"start":{"line":38,"column":16},"end":{"line":40,"column":3}}}},"branchMap":{"0":{"loc":{"start":{"line":21,"column":4},"end":{"line":23,"column":5}},"type":"if","locations":[{"start":{"line":21,"column":4},"end":{"line":23,"column":5}}]},"1":{"loc":{"start":{"line":24,"column":19},"end":{"line":26,"column":30}},"type":"cond-expr","locations":[{"start":{"line":25,"column":8},"end":{"line":25,"column":31}},{"start":{"line":26,"column":8},"end":{"line":26,"column":30}}]},"2":{"loc":{"start":{"line":31,"column":11},"end":{"line":31,"column":64}},"type":"cond-expr","locations":[{"start":{"line":31,"column":46},"end":{"line":31,"column":54}},{"start":{"line":31,"column":57},"end":{"line":31,"column":64}}]}},"s":{"0":4,"1":4,"2":33,"3":33,"4":33,"5":33,"6":1858,"7":207,"8":1651,"9":1651,"10":1650,"11":1,"12":1,"13":4,"14":4},"f":{"0":1858,"1":1650,"2":1,"3":1},"b":{"0":[207],"1":[868,783],"2":[867,783]}}
,"D:\\Projects\\VibgyorPaymentHandler\\frontend\\src\\app\\models\\api.models.ts": {"path":"D:\\Projects\\VibgyorPaymentHandler\\frontend\\src\\app\\models\\api.models.ts","statementMap":{"0":{"start":{"line":61,"column":0},"end":{"line":61,"column":null}},"1":{"start":{"line":62,"column":2},"end":{"line":62,"column":null}},"2":{"start":{"line":63,"column":2},"end":{"line":63,"column":null}},"3":{"start":{"line":64,"column":2},"end":{"line":64,"column":null}},"4":{"start":{"line":65,"column":2},"end":{"line":65,"column":null}},"5":{"start":{"line":66,"column":2},"end":{"line":66,"column":null}},"6":{"start":{"line":67,"column":2},"end":{"line":67,"column":null}},"7":{"start":{"line":68,"column":2},"end":{"line":68,"column":null}}},"fnMap":{"0":{"name":"(anonymous_0)","decl":{"start":{"line":61,"column":0},"end":{"line":61,"column":12}},"loc":{"start":{"line":61,"column":21},"end":{"line":69,"column":1}}}},"branchMap":{"0":{"loc":{"start":{"line":61,"column":12},"end":{"line":61,"column":null}},"type":"binary-expr","locations":[{"start":{"line":61,"column":12},"end":{"line":61,"column":21}},{"start":{"line":61,"column":21},"end":{"line":61,"column":null}}]}},"s":{"0":7,"1":7,"2":7,"3":7,"4":7,"5":7,"6":7,"7":7},"f":{"0":7},"b":{"0":[7,7]}}
,"D:\\Projects\\VibgyorPaymentHandler\\frontend\\src\\app\\models\\index.ts": {"path":"D:\\Projects\\VibgyorPaymentHandler\\frontend\\src\\app\\models\\index.ts","statementMap":{"0":{"start":{"line":7,"column":0},"end":{"line":7,"column":33}},"1":{"start":{"line":10,"column":0},"end":{"line":10,"column":33}},"2":{"start":{"line":13,"column":0},"end":{"line":13,"column":29}}},"fnMap":{},"branchMap":{},"s":{"0":0,"1":0,"2":0},"f":{},"b":{}}
,"D:\\Projects\\VibgyorPaymentHandler\\frontend\\src\\app\\pages\\index.ts": {"path":"D:\\Projects\\VibgyorPaymentHandler\\frontend\\src\\app\\pages\\index.ts","statementMap":{"0":{"start":{"line":6,"column":0},"end":{"line":6,"column":9}},"1":{"start":{"line":6,"column":9},"end":{"line":6,"column":77}}},"fnMap":{"0":{"name":"(anonymous_0)","decl":{"start":{"line":6,"column":9},"end":{"line":6,"column":29}},"loc":{"start":{"line":6,"column":9},"end":{"line":6,"column":77}}}},"branchMap":{},"s":{"0":0,"1":0},"f":{"0":0},"b":{}}
,"D:\\Projects\\VibgyorPaymentHandler\\frontend\\src\\app\\pages\\pricing-page\\pricing-page.component.ts": {"path":"D:\\Projects\\VibgyorPaymentHandler\\frontend\\src\\app\\pages\\pricing-page\\pricing-page.component.ts","statementMap":{"0":{"start":{"line":1,"column":0},"end":{"line":1,"column":50}},"1":{"start":{"line":2,"column":0},"end":{"line":2,"column":47}},"2":{"start":{"line":3,"column":0},"end":{"line":3,"column":92}},"3":{"start":{"line":4,"column":0},"end":{"line":4,"column":115}},"4":{"start":{"line":5,"column":0},"end":{"line":5,"column":64}},"5":{"start":{"line":6,"column":0},"end":{"line":6,"column":108}},"6":{"start":{"line":21,"column":36},"end":{"line":21,"column":40}},"7":{"start":{"line":22,"column":40},"end":{"line":22,"column":49}},"8":{"start":{"line":23,"column":23},"end":{"line":23,"column":28}},"9":{"start":{"line":24,"column":25},"end":{"line":24,"column":29}},"10":{"start":{"line":26,"column":27},"end":{"line":29,"column":4}},"11":{"start":{"line":31,"column":22},"end":{"line":31,"column":38}},"12":{"start":{"line":34,"column":4},"end":{"line":34,"column":27}},"13":{"start":{"line":41,"column":4},"end":{"line":66,"column":5}},"14":{"start":{"line":43,"column":17},"end":{"line":43,"column":39}},"15":{"start":{"line":46,"column":6},"end":{"line":60,"column":7}},"16":{"start":{"line":47,"column":25},"end":{"line":47,"column":61}},"17":{"start":{"line":48,"column":8},"end":{"line":59,"column":9}},"18":{"start":{"line":49,"column":25},"end":{"line":49,"column":59}},"19":{"start":{"line":50,"column":10},"end":{"line":55,"column":11}},"20":{"start":{"line":51,"column":12},"end":{"line":51,"column":31}},"21":{"start":{"line":53,"column":12},"end":{"line":53,"column":112}},"22":{"start":{"line":54,"column":12},"end":{"line":54,"column":19}},"23":{"start":{"line":57,"column":10},"end":{"line":57,"column":75}},"24":{"start":{"line":58,"column":10},"end":{"line":58,"column":17}},"25":{"start":{"line":62,"column":6},"end":{"line":62,"column":30}},"26":{"start":{"line":64,"column":6},"end":{"line":64,"column":81}},"27":{"start":{"line":65,"column":6},"end":{"line":65,"column":56}},"28":{"start":{"line":75,"column":22},"end":{"line":75,"column":65}},"29":{"start":{"line":76,"column":22},"end":{"line":76,"column":43}},"30":{"start":{"line":78,"column":4},"end":{"line":84,"column":5}},"31":{"start":{"line":79,"column":6},"end":{"line":83,"column":7}},"32":{"start":{"line":80,"column":8},"end":{"line":80,"column":57}},"33":{"start":{"line":82,"column":8},"end":{"line":82,"column":59}},"34":{"start":{"line":88,"column":4},"end":{"line":88,"column":16}},"35":{"start":{"line":95,"column":4},"end":{"line":95,"column":31}},"36":{"start":{"line":102,"column":4},"end":{"line":104,"column":5}},"37":{"start":{"line":103,"column":6},"end":{"line":103,"column":13}},"38":{"start":{"line":106,"column":17},"end":{"line":106,"column":71}},"39":{"start":{"line":106,"column":50},"end":{"line":106,"column":70}},"40":{"start":{"line":107,"column":4},"end":{"line":110,"column":5}},"41":{"start":{"line":108,"column":6},"end":{"line":108,"column":45}},"42":{"start":{"line":109,"column":6},"end":{"line":109,"column":13}},"43":{"start":{"line":112,"column":19},"end":{"line":114,"column":25}},"44":{"start":{"line":116,"column":4},"end":{"line":116,"column":41}},"45":{"start":{"line":123,"column":4},"end":{"line":125,"column":5}},"46":{"start":{"line":124,"column":6},"end":{"line":124,"column":13}},"47":{"start":{"line":127,"column":4},"end":{"line":127,"column":26}},"48":{"start":{"line":128,"column":4},"end":{"line":128,"column":22}},"49":{"start":{"line":131,"column":4},"end":{"line":147,"column":9}},"50":{"start":{"line":139,"column":8},"end":{"line":139,"column":31}},"51":{"start":{"line":140,"column":8},"end":{"line":140,"column":61}},"52":{"start":{"line":144,"column":8},"end":{"line":144,"column":31}},"53":{"start":{"line":145,"column":8},"end":{"line":145,"column":72}},"54":{"start":{"line":146,"column":8},"end":{"line":146,"column":45}},"55":{"start":{"line":154,"column":4},"end":{"line":156,"column":5}},"56":{"start":{"line":155,"column":6},"end":{"line":155,"column":13}},"57":{"start":{"line":159,"column":16},"end":{"line":159,"column":53}},"58":{"start":{"line":160,"column":4},"end":{"line":160,"column":55}},"59":{"start":{"line":161,"column":4},"end":{"line":161,"column":42}},"60":{"start":{"line":168,"column":4},"end":{"line":168,"column":41}},"61":{"start":{"line":20,"column":13},"end":{"line":20,"column":33}},"62":{"start":{"line":20,"column":13},"end":{"line":170,"column":null}}},"fnMap":{"0":{"name":"(anonymous_0)","decl":{"start":{"line":31,"column":2},"end":{"line":31,"column":22}},"loc":{"start":{"line":31,"column":52},"end":{"line":31,"column":56}}},"1":{"name":"(anonymous_1)","decl":{"start":{"line":33,"column":2},"end":{"line":33,"column":10}},"loc":{"start":{"line":33,"column":10},"end":{"line":35,"column":3}}},"2":{"name":"(anonymous_2)","decl":{"start":{"line":40,"column":10},"end":{"line":40,"column":25}},"loc":{"start":{"line":40,"column":25},"end":{"line":67,"column":3}}},"3":{"name":"(anonymous_3)","decl":{"start":{"line":73,"column":10},"end":{"line":73,"column":39}},"loc":{"start":{"line":73,"column":39},"end":{"line":89,"column":3}}},"4":{"name":"(anonymous_4)","decl":{"start":{"line":94,"column":2},"end":{"line":94,"column":23}},"loc":{"start":{"line":94,"column":51},"end":{"line":96,"column":3}}},"5":{"name":"(anonymous_5)","decl":{"start":{"line":101,"column":2},"end":{"line":101,"column":16}},"loc":{"start":{"line":101,"column":31},"end":{"line":117,"column":3}}},"6":{"name":"(anonymous_6)","decl":{"start":{"line":106,"column":45},"end":{"line":106,"column":46}},"loc":{"start":{"line":106,"column":50},"end":{"line":106,"column":70}}},"7":{"name":"(anonymous_7)","decl":{"start":{"line":122,"column":10},"end":{"line":122,"column":25}},"loc":{"start":{"line":122,"column":56},"end":{"line":148,"column":3}}},"8":{"name":"(anonymous_8)","decl":{"start":{"line":137,"column":12},"end":{"line":137,"column":13}},"loc":{"start":{"line":137,"column":33},"end":{"line":141,"column":7}}},"9":{"name":"(anonymous_9)","decl":{"start":{"line":142,"column":13},"end":{"line":142,"column":14}},"loc":{"start":{"line":142,"column":21},"end":{"line":147,"column":7}}},"10":{"name":"(anonymous_10)","decl":{"start":{"line":153,"column":2},"end":{"line":153,"column":16}},"loc":{"start":{"line":153,"column":16},"end":{"line":162,"column":3}}},"11":{"name":"(anonymous_11)","decl":{"start":{"line":167,"column":2},"end":{"line":167,"column":6}},"loc":{"start":{"line":167,"column":14},"end":{"line":169,"column":3}}}},"branchMap":{"0":{"loc":{"start":{"line":46,"column":6},"end":{"line":60,"column":7}},"type":"if","locations":[{"start":{"line":46,"column":6},"end":{"line":60,"column":7}}]},"1":{"loc":{"start":{"line":48,"column":8},"end":{"line":59,"column":9}},"type":"if","locations":[{"start":{"line":48,"column":8},"end":{"line":59,"column":9}},{"start":{"line":56,"column":15},"end":{"line":59,"column":9}}]},"2":{"loc":{"start":{"line":50,"column":10},"end":{"line":55,"column":11}},"type":"if","locations":[{"start":{"line":50,"column":10},"end":{"line":55,"column":11}},{"start":{"line":52,"column":17},"end":{"line":55,"column":11}}]},"3":{"loc":{"start":{"line":50,"column":14},"end":{"line":50,"column":43}},"type":"binary-expr","locations":[{"start":{"line":50,"column":14},"end":{"line":50,"column":28}},{"start":{"line":50,"column":32},"end":{"line":50,"column":43}}]},"4":{"loc":{"start":{"line":53,"column":25},"end":{"line":53,"column":111}},"type":"binary-expr","locations":[{"start":{"line":53,"column":25},"end":{"line":53,"column":46}},{"start":{"line":53,"column":50},"end":{"line":53,"column":111}}]},"5":{"loc":{"start":{"line":78,"column":4},"end":{"line":84,"column":5}},"type":"if","locations":[{"start":{"line":78,"column":4},"end":{"line":84,"column":5}}]},"6":{"loc":{"start":{"line":102,"column":4},"end":{"line":104,"column":5}},"type":"if","locations":[{"start":{"line":102,"column":4},"end":{"line":104,"column":5}}]},"7":{"loc":{"start":{"line":102,"column":8},"end":{"line":102,"column":43}},"type":"binary-expr","locations":[{"start":{"line":102,"column":8},"end":{"line":102,"column":25}},{"start":{"line":102,"column":29},"end":{"line":102,"column":43}}]},"8":{"loc":{"start":{"line":107,"column":4},"end":{"line":110,"column":5}},"type":"if","locations":[{"start":{"line":107,"column":4},"end":{"line":110,"column":5}}]},"9":{"loc":{"start":{"line":112,"column":19},"end":{"line":114,"column":25}},"type":"cond-expr","locations":[{"start":{"line":113,"column":8},"end":{"line":113,"column":26}},{"start":{"line":114,"column":8},"end":{"line":114,"column":25}}]},"10":{"loc":{"start":{"line":123,"column":4},"end":{"line":125,"column":5}},"type":"if","locations":[{"start":{"line":123,"column":4},"end":{"line":125,"column":5}}]},"11":{"loc":{"start":{"line":145,"column":21},"end":{"line":145,"column":71}},"type":"binary-expr","locations":[{"start":{"line":145,"column":21},"end":{"line":145,"column":32}},{"start":{"line":145,"column":36},"end":{"line":145,"column":71}}]},"12":{"loc":{"start":{"line":154,"column":4},"end":{"line":156,"column":5}},"type":"if","locations":[{"start":{"line":154,"column":4},"end":{"line":156,"column":5}}]},"13":{"loc":{"start":{"line":168,"column":11},"end":{"line":168,"column":40}},"type":"binary-expr","locations":[{"start":{"line":168,"column":11},"end":{"line":168,"column":34}},{"start":{"line":168,"column":38},"end":{"line":168,"column":40}}]}},"s":{"0":2,"1":2,"2":2,"3":2,"4":2,"5":2,"6":44,"7":44,"8":44,"9":44,"10":44,"11":44,"12":1830,"13":1830,"14":1830,"15":1830,"16":6,"17":6,"18":6,"19":6,"20":0,"21":6,"22":6,"23":0,"24":0,"25":1824,"26":0,"27":0,"28":6,"29":6,"30":6,"31":6,"32":6,"33":0,"34":0,"35":2,"36":1211,"37":0,"38":1211,"39":2487,"40":1211,"41":101,"42":101,"43":1110,"44":1110,"45":1110,"46":0,"47":1110,"48":1110,"49":1110,"50":1104,"51":1104,"52":6,"53":6,"54":6,"55":802,"56":0,"57":802,"58":802,"59":802,"60":4,"61":2,"62":2},"f":{"0":44,"1":1830,"2":1830,"3":6,"4":2,"5":1211,"6":2487,"7":1110,"8":1104,"9":6,"10":802,"11":4},"b":{"0":[6],"1":[6,0],"2":[0,6],"3":[6,0],"4":[6,0],"5":[6],"6":[0],"7":[1211,1211],"8":[101],"9":[548,562],"10":[0],"11":[6,1],"12":[0],"13":[4,0]}}
,"D:\\Projects\\VibgyorPaymentHandler\\frontend\\src\\app\\services\\index.ts": {"path":"D:\\Projects\\VibgyorPaymentHandler\\frontend\\src\\app\\services\\index.ts","statementMap":{"0":{"start":{"line":6,"column":0},"end":{"line":6,"column":9}},"1":{"start":{"line":6,"column":9},"end":{"line":6,"column":51}},"2":{"start":{"line":7,"column":0},"end":{"line":7,"column":null}},"3":{"start":{"line":8,"column":2},"end":{"line":8,"column":null}},"4":{"start":{"line":9,"column":2},"end":{"line":9,"column":null}},"5":{"start":{"line":10,"column":2},"end":{"line":10,"column":null}},"6":{"start":{"line":11,"column":2},"end":{"line":11,"column":null}},"7":{"start":{"line":12,"column":2},"end":{"line":12,"column":null}}},"fnMap":{"0":{"name":"(anonymous_0)","decl":{"start":{"line":6,"column":9},"end":{"line":6,"column":23}},"loc":{"start":{"line":6,"column":9},"end":{"line":6,"column":51}}},"1":{"name":"(anonymous_1)","decl":{"start":{"line":8,"column":2},"end":{"line":8,"column":18}},"loc":{"start":{"line":8,"column":2},"end":{"line":8,"column":null}}},"2":{"name":"(anonymous_2)","decl":{"start":{"line":9,"column":2},"end":{"line":9,"column":18}},"loc":{"start":{"line":9,"column":2},"end":{"line":9,"column":null}}},"3":{"name":"(anonymous_3)","decl":{"start":{"line":10,"column":2},"end":{"line":10,"column":22}},"loc":{"start":{"line":10,"column":2},"end":{"line":10,"column":null}}},"4":{"name":"(anonymous_4)","decl":{"start":{"line":11,"column":2},"end":{"line":11,"column":18}},"loc":{"start":{"line":11,"column":2},"end":{"line":11,"column":null}}},"5":{"name":"(anonymous_5)","decl":{"start":{"line":12,"column":2},"end":{"line":12,"column":26}},"loc":{"start":{"line":12,"column":2},"end":{"line":12,"column":null}}}},"branchMap":{},"s":{"0":0,"1":0,"2":0,"3":0,"4":0,"5":0,"6":0,"7":0},"f":{"0":0,"1":0,"2":0,"3":0,"4":0,"5":0},"b":{}}
,"D:\\Projects\\VibgyorPaymentHandler\\frontend\\src\\app\\services\\payment-sdk-loader.service.ts": {"path":"D:\\Projects\\VibgyorPaymentHandler\\frontend\\src\\app\\services\\payment-sdk-loader.service.ts","statementMap":{"0":{"start":{"line":1,"column":0},"end":{"line":1,"column":43}},"1":{"start":{"line":32,"column":7},"end":{"line":174,"column":null}},"2":{"start":{"line":38,"column":4},"end":{"line":38,"column":78}},"3":{"start":{"line":47,"column":4},"end":{"line":47,"column":17}},"4":{"start":{"line":56,"column":4},"end":{"line":60,"column":5}},"5":{"start":{"line":57,"column":6},"end":{"line":57,"column":41}},"6":{"start":{"line":58,"column":11},"end":{"line":60,"column":5}},"7":{"start":{"line":59,"column":6},"end":{"line":59,"column":41}},"8":{"start":{"line":61,"column":4},"end":{"line":61,"column":16}},"9":{"start":{"line":69,"column":4},"end":{"line":75,"column":5}},"10":{"start":{"line":70,"column":6},"end":{"line":70,"column":35}},"11":{"start":{"line":71,"column":11},"end":{"line":75,"column":5}},"12":{"start":{"line":72,"column":6},"end":{"line":72,"column":35}},"13":{"start":{"line":74,"column":6},"end":{"line":74,"column":75}},"14":{"start":{"line":84,"column":4},"end":{"line":92,"column":5}},"15":{"start":{"line":85,"column":27},"end":{"line":85,"column":150}},"16":{"start":{"line":86,"column":6},"end":{"line":90,"column":9}},"17":{"start":{"line":91,"column":6},"end":{"line":91,"column":13}},"18":{"start":{"line":94,"column":28},"end":{"line":118,"column":6}},"19":{"start":{"line":103,"column":8},"end":{"line":107,"column":11}},"20":{"start":{"line":112,"column":10},"end":{"line":112,"column":68}},"21":{"start":{"line":120,"column":4},"end":{"line":142,"column":5}},"22":{"start":{"line":121,"column":23},"end":{"line":121,"column":59}},"23":{"start":{"line":123,"column":6},"end":{"line":130,"column":9}},"24":{"start":{"line":125,"column":8},"end":{"line":129,"column":11}},"25":{"start":{"line":132,"column":6},"end":{"line":132,"column":22}},"26":{"start":{"line":135,"column":27},"end":{"line":135,"column":105}},"27":{"start":{"line":136,"column":6},"end":{"line":141,"column":9}},"28":{"start":{"line":151,"column":4},"end":{"line":159,"column":5}},"29":{"start":{"line":152,"column":27},"end":{"line":152,"column":150}},"30":{"start":{"line":153,"column":6},"end":{"line":157,"column":9}},"31":{"start":{"line":158,"column":6},"end":{"line":158,"column":13}},"32":{"start":{"line":167,"column":4},"end":{"line":167,"column":65}},"33":{"start":{"line":168,"column":4},"end":{"line":172,"column":7}},"34":{"start":{"line":32,"column":13},"end":{"line":32,"column":36}},"35":{"start":{"line":32,"column":13},"end":{"line":174,"column":null}}},"fnMap":{"0":{"name":"(anonymous_0)","decl":{"start":{"line":37,"column":2},"end":{"line":37,"column":21}},"loc":{"start":{"line":37,"column":21},"end":{"line":39,"column":3}}},"1":{"name":"(anonymous_1)","decl":{"start":{"line":45,"column":2},"end":{"line":45,"column":21}},"loc":{"start":{"line":45,"column":21},"end":{"line":48,"column":3}}},"2":{"name":"(anonymous_2)","decl":{"start":{"line":55,"column":2},"end":{"line":55,"column":25}},"loc":{"start":{"line":55,"column":59},"end":{"line":62,"column":3}}},"3":{"name":"(anonymous_3)","decl":{"start":{"line":68,"column":2},"end":{"line":68,"column":17}},"loc":{"start":{"line":68,"column":44},"end":{"line":76,"column":3}}},"4":{"name":"(anonymous_4)","decl":{"start":{"line":82,"column":10},"end":{"line":82,"column":24}},"loc":{"start":{"line":82,"column":51},"end":{"line":143,"column":3}}},"5":{"name":"(anonymous_5)","decl":{"start":{"line":101,"column":15},"end":{"line":101,"column":16}},"loc":{"start":{"line":101,"column":33},"end":{"line":108,"column":7}}},"6":{"name":"(anonymous_6)","decl":{"start":{"line":110,"column":19},"end":{"line":110,"column":22}},"loc":{"start":{"line":110,"column":24},"end":{"line":113,"column":9}}},"7":{"name":"(anonymous_7)","decl":{"start":{"line":123,"column":36},"end":{"line":123,"column":37}},"loc":{"start":{"line":123,"column":54},"end":{"line":130,"column":7}}},"8":{"name":"(anonymous_8)","decl":{"start":{"line":149,"column":10},"end":{"line":149,"column":24}},"loc":{"start":{"line":149,"column":51},"end":{"line":173,"column":3}}}},"branchMap":{"0":{"loc":{"start":{"line":38,"column":11},"end":{"line":38,"column":77}},"type":"binary-expr","locations":[{"start":{"line":38,"column":11},"end":{"line":38,"column":49}},{"start":{"line":38,"column":53},"end":{"line":38,"column":77}}]},"1":{"loc":{"start":{"line":56,"column":4},"end":{"line":60,"column":5}},"type":"if","locations":[{"start":{"line":56,"column":4},"end":{"line":60,"column":5}},{"start":{"line":58,"column":11},"end":{"line":60,"column":5}}]},"2":{"loc":{"start":{"line":58,"column":11},"end":{"line":60,"column":5}},"type":"if","locations":[{"start":{"line":58,"column":11},"end":{"line":60,"column":5}}]},"3":{"loc":{"start":{"line":69,"column":4},"end":{"line":75,"column":5}},"type":"if","locations":[{"start":{"line":69,"column":4},"end":{"line":75,"column":5}},{"start":{"line":71,"column":11},"end":{"line":75,"column":5}}]},"4":{"loc":{"start":{"line":71,"column":11},"end":{"line":75,"column":5}},"type":"if","locations":[{"start":{"line":71,"column":11},"end":{"line":75,"column":5}},{"start":{"line":73,"column":11},"end":{"line":75,"column":5}}]},"5":{"loc":{"start":{"line":84,"column":4},"end":{"line":92,"column":5}},"type":"if","locations":[{"start":{"line":84,"column":4},"end":{"line":92,"column":5}}]},"6":{"loc":{"start":{"line":126,"column":17},"end":{"line":126,"column":63}},"type":"binary-expr","locations":[{"start":{"line":126,"column":17},"end":{"line":126,"column":43}},{"start":{"line":126,"column":47},"end":{"line":126,"column":63}}]},"7":{"loc":{"start":{"line":151,"column":4},"end":{"line":159,"column":5}},"type":"if","locations":[{"start":{"line":151,"column":4},"end":{"line":159,"column":5}}]}},"s":{"0":5,"1":5,"2":11,"3":4,"4":4,"5":2,"6":2,"7":1,"8":1,"9":9,"10":6,"11":3,"12":2,"13":1,"14":6,"15":1,"16":1,"17":1,"18":5,"19":1,"20":1,"21":5,"22":5,"23":4,"24":0,"25":4,"26":1,"27":1,"28":2,"29":2,"30":2,"31":2,"32":0,"33":0,"34":5,"35":5},"f":{"0":11,"1":4,"2":4,"3":9,"4":6,"5":1,"6":1,"7":0,"8":2},"b":{"0":[11,8],"1":[2,2],"2":[1],"3":[6,3],"4":[2,1],"5":[1],"6":[0,0],"7":[2]}}
,"D:\\Projects\\VibgyorPaymentHandler\\frontend\\src\\app\\services\\payment.service.ts": {"path":"D:\\Projects\\VibgyorPaymentHandler\\frontend\\src\\app\\services\\payment.service.ts","statementMap":{"0":{"start":{"line":1,"column":0},"end":{"line":1,"column":43}},"1":{"start":{"line":2,"column":0},"end":{"line":2,"column":69}},"2":{"start":{"line":3,"column":0},"end":{"line":3,"column":53}},"3":{"start":{"line":4,"column":0},"end":{"line":4,"column":51}},"4":{"start":{"line":13,"column":0},"end":{"line":13,"column":52}},"5":{"start":{"line":14,"column":0},"end":{"line":14,"column":71}},"6":{"start":{"line":25,"column":32},"end":{"line":25,"column":33}},"7":{"start":{"line":26,"column":39},"end":{"line":26,"column":43}},"8":{"start":{"line":29,"column":12},"end":{"line":29,"column":18}},"9":{"start":{"line":30,"column":12},"end":{"line":30,"column":23}},"10":{"start":{"line":33,"column":4},"end":{"line":33,"column":35}},"11":{"start":{"line":43,"column":4},"end":{"line":55,"column":7}},"12":{"start":{"line":47,"column":8},"end":{"line":51,"column":9}},"13":{"start":{"line":48,"column":24},"end":{"line":48,"column":76}},"14":{"start":{"line":49,"column":10},"end":{"line":49,"column":100}},"15":{"start":{"line":50,"column":10},"end":{"line":50,"column":30}},"16":{"start":{"line":53,"column":8},"end":{"line":53,"column":20}},"17":{"start":{"line":71,"column":44},"end":{"line":75,"column":6}},"18":{"start":{"line":77,"column":4},"end":{"line":82,"column":8}},"19":{"start":{"line":99,"column":4},"end":{"line":131,"column":7}},"20":{"start":{"line":101,"column":6},"end":{"line":130,"column":9}},"21":{"start":{"line":104,"column":10},"end":{"line":125,"column":13}},"22":{"start":{"line":112,"column":14},"end":{"line":118,"column":44}},"23":{"start":{"line":122,"column":14},"end":{"line":122,"column":68}},"24":{"start":{"line":123,"column":14},"end":{"line":123,"column":65}},"25":{"start":{"line":128,"column":10},"end":{"line":128,"column":24}},"26":{"start":{"line":151,"column":4},"end":{"line":172,"column":7}},"27":{"start":{"line":152,"column":6},"end":{"line":171,"column":9}},"28":{"start":{"line":154,"column":10},"end":{"line":166,"column":11}},"29":{"start":{"line":155,"column":55},"end":{"line":159,"column":14}},"30":{"start":{"line":162,"column":12},"end":{"line":162,"column":69}},"31":{"start":{"line":163,"column":12},"end":{"line":163,"column":38}},"32":{"start":{"line":165,"column":12},"end":{"line":165,"column":61}},"33":{"start":{"line":169,"column":10},"end":{"line":169,"column":24}},"34":{"start":{"line":182,"column":25},"end":{"line":182,"column":72}},"35":{"start":{"line":183,"column":4},"end":{"line":183,"column":57}},"36":{"start":{"line":201,"column":42},"end":{"line":206,"column":6}},"37":{"start":{"line":208,"column":4},"end":{"line":213,"column":8}},"38":{"start":{"line":223,"column":16},"end":{"line":223,"column":36}},"39":{"start":{"line":224,"column":4},"end":{"line":224,"column":81}},"40":{"start":{"line":225,"column":4},"end":{"line":225,"column":74}},"41":{"start":{"line":226,"column":4},"end":{"line":226,"column":91}},"42":{"start":{"line":229,"column":4},"end":{"line":229,"column":42}},"43":{"start":{"line":239,"column":16},"end":{"line":239,"column":36}},"44":{"start":{"line":240,"column":4},"end":{"line":240,"column":44}},"45":{"start":{"line":241,"column":4},"end":{"line":241,"column":56}},"46":{"start":{"line":244,"column":4},"end":{"line":244,"column":42}},"47":{"start":{"line":254,"column":23},"end":{"line":254,"column":53}},"48":{"start":{"line":256,"column":4},"end":{"line":281,"column":5}},"49":{"start":{"line":258,"column":6},"end":{"line":258,"column":94}},"50":{"start":{"line":259,"column":11},"end":{"line":281,"column":5}},"51":{"start":{"line":261,"column":6},"end":{"line":261,"column":118}},"52":{"start":{"line":262,"column":11},"end":{"line":281,"column":5}},"53":{"start":{"line":264,"column":6},"end":{"line":264,"column":102}},"54":{"start":{"line":265,"column":11},"end":{"line":281,"column":5}},"55":{"start":{"line":267,"column":28},"end":{"line":267,"column":56}},"56":{"start":{"line":268,"column":6},"end":{"line":272,"column":7}},"57":{"start":{"line":269,"column":8},"end":{"line":269,"column":51}},"58":{"start":{"line":271,"column":8},"end":{"line":271,"column":75}},"59":{"start":{"line":275,"column":28},"end":{"line":275,"column":56}},"60":{"start":{"line":276,"column":6},"end":{"line":280,"column":7}},"61":{"start":{"line":277,"column":8},"end":{"line":277,"column":51}},"62":{"start":{"line":279,"column":8},"end":{"line":279,"column":80}},"63":{"start":{"line":283,"column":4},"end":{"line":283,"column":53}},"64":{"start":{"line":283,"column":28},"end":{"line":283,"column":51}},"65":{"start":{"line":23,"column":13},"end":{"line":23,"column":27}},"66":{"start":{"line":23,"column":13},"end":{"line":285,"column":null}}},"fnMap":{"0":{"name":"(anonymous_0)","decl":{"start":{"line":28,"column":2},"end":{"line":28,"column":null}},"loc":{"start":{"line":30,"column":46},"end":{"line":34,"column":3}}},"1":{"name":"(anonymous_1)","decl":{"start":{"line":42,"column":10},"end":{"line":42,"column":26}},"loc":{"start":{"line":42,"column":66},"end":{"line":56,"column":3}}},"2":{"name":"(anonymous_2)","decl":{"start":{"line":45,"column":13},"end":{"line":45,"column":14}},"loc":{"start":{"line":45,"column":62},"end":{"line":54,"column":7}}},"3":{"name":"(anonymous_3)","decl":{"start":{"line":66,"column":2},"end":{"line":66,"column":17}},"loc":{"start":{"line":69,"column":38},"end":{"line":83,"column":3}}},"4":{"name":"(anonymous_4)","decl":{"start":{"line":93,"column":2},"end":{"line":93,"column":21}},"loc":{"start":{"line":97,"column":23},"end":{"line":132,"column":3}}},"5":{"name":"(anonymous_5)","decl":{"start":{"line":99,"column":23},"end":{"line":99,"column":24}},"loc":{"start":{"line":99,"column":43},"end":{"line":131,"column":5}}},"6":{"name":"(anonymous_6)","decl":{"start":{"line":102,"column":14},"end":{"line":102,"column":15}},"loc":{"start":{"line":102,"column":52},"end":{"line":126,"column":9}}},"7":{"name":"(anonymous_7)","decl":{"start":{"line":110,"column":23},"end":{"line":110,"column":24}},"loc":{"start":{"line":110,"column":48},"end":{"line":119,"column":13}}},"8":{"name":"(anonymous_8)","decl":{"start":{"line":120,"column":23},"end":{"line":120,"column":24}},"loc":{"start":{"line":120,"column":38},"end":{"line":124,"column":13}}},"9":{"name":"(anonymous_9)","decl":{"start":{"line":127,"column":15},"end":{"line":127,"column":16}},"loc":{"start":{"line":127,"column":25},"end":{"line":129,"column":9}}},"10":{"name":"(anonymous_10)","decl":{"start":{"line":144,"column":10},"end":{"line":144,"column":38}},"loc":{"start":{"line":149,"column":23},"end":{"line":173,"column":3}}},"11":{"name":"(anonymous_11)","decl":{"start":{"line":151,"column":23},"end":{"line":151,"column":24}},"loc":{"start":{"line":151,"column":43},"end":{"line":172,"column":5}}},"12":{"name":"(anonymous_12)","decl":{"start":{"line":153,"column":14},"end":{"line":153,"column":15}},"loc":{"start":{"line":153,"column":50},"end":{"line":167,"column":9}}},"13":{"name":"(anonymous_13)","decl":{"start":{"line":168,"column":15},"end":{"line":168,"column":16}},"loc":{"start":{"line":168,"column":25},"end":{"line":170,"column":9}}},"14":{"name":"(anonymous_14)","decl":{"start":{"line":181,"column":10},"end":{"line":181,"column":38}},"loc":{"start":{"line":181,"column":70},"end":{"line":184,"column":3}}},"15":{"name":"(anonymous_15)","decl":{"start":{"line":195,"column":2},"end":{"line":195,"column":15}},"loc":{"start":{"line":199,"column":37},"end":{"line":214,"column":3}}},"16":{"name":"(anonymous_16)","decl":{"start":{"line":221,"column":2},"end":{"line":221,"column":22}},"loc":{"start":{"line":221,"column":78},"end":{"line":230,"column":3}}},"17":{"name":"(anonymous_17)","decl":{"start":{"line":237,"column":2},"end":{"line":237,"column":22}},"loc":{"start":{"line":237,"column":57},"end":{"line":245,"column":3}}},"18":{"name":"(anonymous_18)","decl":{"start":{"line":253,"column":10},"end":{"line":253,"column":21}},"loc":{"start":{"line":253,"column":46},"end":{"line":284,"column":3}}},"19":{"name":"(anonymous_19)","decl":{"start":{"line":283,"column":22},"end":{"line":283,"column":25}},"loc":{"start":{"line":283,"column":28},"end":{"line":283,"column":51}}}},"branchMap":{"0":{"loc":{"start":{"line":42,"column":30},"end":{"line":42,"column":66}},"type":"default-arg","locations":[{"start":{"line":42,"column":51},"end":{"line":42,"column":66}}]},"1":{"loc":{"start":{"line":47,"column":8},"end":{"line":51,"column":9}},"type":"if","locations":[{"start":{"line":47,"column":8},"end":{"line":51,"column":9}}]},"2":{"loc":{"start":{"line":47,"column":12},"end":{"line":47,"column":77}},"type":"binary-expr","locations":[{"start":{"line":47,"column":12},"end":{"line":47,"column":30}},{"start":{"line":47,"column":35},"end":{"line":47,"column":54}},{"start":{"line":47,"column":58},"end":{"line":47,"column":76}}]},"3":{"loc":{"start":{"line":123,"column":31},"end":{"line":123,"column":62}},"type":"binary-expr","locations":[{"start":{"line":123,"column":31},"end":{"line":123,"column":42}},{"start":{"line":123,"column":46},"end":{"line":123,"column":62}}]},"4":{"loc":{"start":{"line":154,"column":10},"end":{"line":166,"column":11}},"type":"if","locations":[{"start":{"line":154,"column":10},"end":{"line":166,"column":11}},{"start":{"line":164,"column":17},"end":{"line":166,"column":11}}]},"5":{"loc":{"start":{"line":182,"column":25},"end":{"line":182,"column":72}},"type":"binary-expr","locations":[{"start":{"line":182,"column":25},"end":{"line":182,"column":36}},{"start":{"line":182,"column":40},"end":{"line":182,"column":52}},{"start":{"line":182,"column":56},"end":{"line":182,"column":72}}]},"6":{"loc":{"start":{"line":256,"column":4},"end":{"line":281,"column":5}},"type":"if","locations":[{"start":{"line":256,"column":4},"end":{"line":281,"column":5}},{"start":{"line":259,"column":11},"end":{"line":281,"column":5}}]},"7":{"loc":{"start":{"line":259,"column":11},"end":{"line":281,"column":5}},"type":"if","locations":[{"start":{"line":259,"column":11},"end":{"line":281,"column":5}},{"start":{"line":262,"column":11},"end":{"line":281,"column":5}}]},"8":{"loc":{"start":{"line":262,"column":11},"end":{"line":281,"column":5}},"type":"if","locations":[{"start":{"line":262,"column":11},"end":{"line":281,"column":5}},{"start":{"line":265,"column":11},"end":{"line":281,"column":5}}]},"9":{"loc":{"start":{"line":262,"column":15},"end":{"line":262,"column":56}},"type":"binary-expr","locations":[{"start":{"line":262,"column":15},"end":{"line":262,"column":34}},{"start":{"line":262,"column":38},"end":{"line":262,"column":56}}]},"10":{"loc":{"start":{"line":265,"column":11},"end":{"line":281,"column":5}},"type":"if","locations":[{"start":{"line":265,"column":11},"end":{"line":281,"column":5}},{"start":{"line":273,"column":11},"end":{"line":281,"column":5}}]},"11":{"loc":{"start":{"line":265,"column":15},"end":{"line":265,"column":56}},"type":"binary-expr","locations":[{"start":{"line":265,"column":15},"end":{"line":265,"column":34}},{"start":{"line":265,"column":38},"end":{"line":265,"column":56}}]},"12":{"loc":{"start":{"line":268,"column":6},"end":{"line":272,"column":7}},"type":"if","locations":[{"start":{"line":268,"column":6},"end":{"line":272,"column":7}},{"start":{"line":270,"column":13},"end":{"line":272,"column":7}}]},"13":{"loc":{"start":{"line":268,"column":10},"end":{"line":268,"column":46}},"type":"binary-expr","locations":[{"start":{"line":268,"column":10},"end":{"line":268,"column":23}},{"start":{"line":268,"column":27},"end":{"line":268,"column":46}}]},"14":{"loc":{"start":{"line":276,"column":6},"end":{"line":280,"column":7}},"type":"if","locations":[{"start":{"line":276,"column":6},"end":{"line":280,"column":7}},{"start":{"line":278,"column":13},"end":{"line":280,"column":7}}]},"15":{"loc":{"start":{"line":276,"column":10},"end":{"line":276,"column":46}},"type":"binary-expr","locations":[{"start":{"line":276,"column":10},"end":{"line":276,"column":23}},{"start":{"line":276,"column":27},"end":{"line":276,"column":46}}]}},"s":{"0":4,"1":4,"2":4,"3":4,"4":4,"5":4,"6":30,"7":30,"8":30,"9":30,"10":30,"11":19,"12":25,"13":21,"14":21,"15":21,"16":4,"17":14,"18":14,"19":5,"20":5,"21":4,"22":2,"23":2,"24":2,"25":1,"26":2,"27":2,"28":1,"29":1,"30":1,"31":1,"32":0,"33":1,"34":2,"35":2,"36":5,"37":5,"38":403,"39":403,"40":403,"41":403,"42":403,"43":504,"44":504,"45":504,"46":504,"47":10,"48":10,"49":0,"50":10,"51":3,"52":7,"53":3,"54":4,"55":4,"56":4,"57":3,"58":1,"59":0,"60":0,"61":0,"62":0,"63":10,"64":10,"65":4,"66":4},"f":{"0":30,"1":19,"2":25,"3":14,"4":5,"5":5,"6":4,"7":2,"8":2,"9":1,"10":2,"11":2,"12":1,"13":1,"14":2,"15":5,"16":403,"17":504,"18":10,"19":10},"b":{"0":[19],"1":[21],"2":[25,14,10],"3":[2,0],"4":[1,0],"5":[2,0,0],"6":[0,10],"7":[3,7],"8":[3,4],"9":[7,3],"10":[4,0],"11":[4,4],"12":[3,1],"13":[4,4],"14":[0,0],"15":[0,0]}}
,"D:\\Projects\\VibgyorPaymentHandler\\frontend\\src\\app\\services\\pricing-data-parser.service.ts": {"path":"D:\\Projects\\VibgyorPaymentHandler\\frontend\\src\\app\\services\\pricing-data-parser.service.ts","statementMap":{"0":{"start":{"line":7,"column":0},"end":{"line":7,"column":49}},"1":{"start":{"line":9,"column":28},"end":{"line":9,"column":50}},"2":{"start":{"line":43,"column":2},"end":{"line":83,"column":3}},"3":{"start":{"line":45,"column":33},"end":{"line":45,"column":83}},"4":{"start":{"line":48,"column":28},"end":{"line":48,"column":53}},"5":{"start":{"line":49,"column":4},"end":{"line":57,"column":5}},"6":{"start":{"line":50,"column":6},"end":{"line":56,"column":8}},"7":{"start":{"line":60,"column":37},"end":{"line":69,"column":6}},"8":{"start":{"line":61,"column":38},"end":{"line":67,"column":8}},"9":{"start":{"line":71,"column":4},"end":{"line":74,"column":6}},"10":{"start":{"line":76,"column":4},"end":{"line":82,"column":6}},"11":{"start":{"line":42,"column":0},"end":{"line":42,"column":16}},"12":{"start":{"line":93,"column":2},"end":{"line":95,"column":3}},"13":{"start":{"line":94,"column":4},"end":{"line":94,"column":50}},"14":{"start":{"line":98,"column":2},"end":{"line":100,"column":3}},"15":{"start":{"line":99,"column":4},"end":{"line":99,"column":73}},"16":{"start":{"line":103,"column":2},"end":{"line":105,"column":3}},"17":{"start":{"line":104,"column":4},"end":{"line":104,"column":50}},"18":{"start":{"line":108,"column":2},"end":{"line":110,"column":3}},"19":{"start":{"line":109,"column":4},"end":{"line":109,"column":78}},"20":{"start":{"line":113,"column":2},"end":{"line":119,"column":3}},"21":{"start":{"line":113,"column":15},"end":{"line":113,"column":16}},"22":{"start":{"line":114,"column":17},"end":{"line":114,"column":30}},"23":{"start":{"line":115,"column":22},"end":{"line":115,"column":43}},"24":{"start":{"line":116,"column":4},"end":{"line":118,"column":5}},"25":{"start":{"line":117,"column":6},"end":{"line":117,"column":23}},"26":{"start":{"line":121,"column":2},"end":{"line":121,"column":14}},"27":{"start":{"line":131,"column":2},"end":{"line":133,"column":3}},"28":{"start":{"line":132,"column":4},"end":{"line":132,"column":59}},"29":{"start":{"line":136,"column":2},"end":{"line":138,"column":3}},"30":{"start":{"line":137,"column":4},"end":{"line":137,"column":83}},"31":{"start":{"line":141,"column":2},"end":{"line":143,"column":3}},"32":{"start":{"line":142,"column":4},"end":{"line":142,"column":80}},"33":{"start":{"line":146,"column":2},"end":{"line":148,"column":3}},"34":{"start":{"line":147,"column":4},"end":{"line":147,"column":99}},"35":{"start":{"line":151,"column":2},"end":{"line":153,"column":3}},"36":{"start":{"line":152,"column":4},"end":{"line":152,"column":98}},"37":{"start":{"line":156,"column":2},"end":{"line":158,"column":3}},"38":{"start":{"line":157,"column":4},"end":{"line":157,"column":83}},"39":{"start":{"line":160,"column":2},"end":{"line":162,"column":3}},"40":{"start":{"line":161,"column":4},"end":{"line":161,"column":72}},"41":{"start":{"line":165,"column":2},"end":{"line":169,"column":3}},"42":{"start":{"line":165,"column":15},"end":{"line":165,"column":16}},"43":{"start":{"line":166,"column":4},"end":{"line":168,"column":5}},"44":{"start":{"line":167,"column":6},"end":{"line":167,"column":73}},"45":{"start":{"line":171,"column":2},"end":{"line":171,"column":14}},"46":{"start":{"line":179,"column":2},"end":{"line":184,"column":3}},"47":{"start":{"line":180,"column":4},"end":{"line":180,"column":70}},"48":{"start":{"line":182,"column":4},"end":{"line":182,"column":77}},"49":{"start":{"line":183,"column":4},"end":{"line":183,"column":52}},"50":{"start":{"line":178,"column":0},"end":{"line":178,"column":16}},"51":{"start":{"line":192,"column":2},"end":{"line":201,"column":3}},"52":{"start":{"line":193,"column":19},"end":{"line":193,"column":62}},"53":{"start":{"line":194,"column":4},"end":{"line":196,"column":5}},"54":{"start":{"line":195,"column":6},"end":{"line":195,"column":18}},"55":{"start":{"line":197,"column":4},"end":{"line":197,"column":45}},"56":{"start":{"line":199,"column":4},"end":{"line":199,"column":82}},"57":{"start":{"line":200,"column":4},"end":{"line":200,"column":16}},"58":{"start":{"line":191,"column":0},"end":{"line":191,"column":16}},"59":{"start":{"line":208,"column":2},"end":{"line":212,"column":3}},"60":{"start":{"line":209,"column":4},"end":{"line":209,"column":51}},"61":{"start":{"line":211,"column":4},"end":{"line":211,"column":79}},"62":{"start":{"line":207,"column":0},"end":{"line":207,"column":16}},"63":{"start":{"line":221,"column":17},"end":{"line":221,"column":39}},"64":{"start":{"line":223,"column":2},"end":{"line":235,"column":3}},"65":{"start":{"line":224,"column":4},"end":{"line":234,"column":5}},"66":{"start":{"line":225,"column":6},"end":{"line":225,"column":36}},"67":{"start":{"line":227,"column":6},"end":{"line":233,"column":8}},"68":{"start":{"line":237,"column":2},"end":{"line":237,"column":16}},"69":{"start":{"line":220,"column":0},"end":{"line":220,"column":16}}},"fnMap":{"0":{"name":"parsePricingData","decl":{"start":{"line":42,"column":16},"end":{"line":42,"column":32}},"loc":{"start":{"line":42,"column":42},"end":{"line":84,"column":1}}},"1":{"name":"(anonymous_1)","decl":{"start":{"line":61,"column":29},"end":{"line":61,"column":33}},"loc":{"start":{"line":61,"column":38},"end":{"line":67,"column":8}}},"2":{"name":"validatePricingData","decl":{"start":{"line":91,"column":9},"end":{"line":91,"column":28}},"loc":{"start":{"line":91,"column":49},"end":{"line":122,"column":1}}},"3":{"name":"validatePlan","decl":{"start":{"line":130,"column":9},"end":{"line":130,"column":21}},"loc":{"start":{"line":130,"column":46},"end":{"line":172,"column":1}}},"4":{"name":"storePricingData","decl":{"start":{"line":178,"column":16},"end":{"line":178,"column":32}},"loc":{"start":{"line":178,"column":50},"end":{"line":185,"column":1}}},"5":{"name":"getStoredPricingData","decl":{"start":{"line":191,"column":16},"end":{"line":191,"column":36}},"loc":{"start":{"line":191,"column":36},"end":{"line":202,"column":1}}},"6":{"name":"clearPricingData","decl":{"start":{"line":207,"column":16},"end":{"line":207,"column":32}},"loc":{"start":{"line":207,"column":32},"end":{"line":213,"column":1}}},"7":{"name":"parseAndStorePricingData","decl":{"start":{"line":220,"column":16},"end":{"line":220,"column":40}},"loc":{"start":{"line":220,"column":50},"end":{"line":238,"column":1}}}},"branchMap":{"0":{"loc":{"start":{"line":45,"column":33},"end":{"line":45,"column":83}},"type":"cond-expr","locations":[{"start":{"line":45,"column":60},"end":{"line":45,"column":76}},{"start":{"line":45,"column":79},"end":{"line":45,"column":83}}]},"1":{"loc":{"start":{"line":49,"column":4},"end":{"line":57,"column":5}},"type":"if","locations":[{"start":{"line":49,"column":4},"end":{"line":57,"column":5}}]},"2":{"loc":{"start":{"line":80,"column":17},"end":{"line":80,"column":80}},"type":"cond-expr","locations":[{"start":{"line":80,"column":42},"end":{"line":80,"column":55}},{"start":{"line":80,"column":58},"end":{"line":80,"column":80}}]},"3":{"loc":{"start":{"line":93,"column":2},"end":{"line":95,"column":3}},"type":"if","locations":[{"start":{"line":93,"column":2},"end":{"line":95,"column":3}}]},"4":{"loc":{"start":{"line":93,"column":6},"end":{"line":93,"column":39}},"type":"binary-expr","locations":[{"start":{"line":93,"column":6},"end":{"line":93,"column":11}},{"start":{"line":93,"column":15},"end":{"line":93,"column":39}}]},"5":{"loc":{"start":{"line":98,"column":2},"end":{"line":100,"column":3}},"type":"if","locations":[{"start":{"line":98,"column":2},"end":{"line":100,"column":3}}]},"6":{"loc":{"start":{"line":98,"column":6},"end":{"line":98,"column":65}},"type":"binary-expr","locations":[{"start":{"line":98,"column":6},"end":{"line":98,"column":24}},{"start":{"line":98,"column":28},"end":{"line":98,"column":65}}]},"7":{"loc":{"start":{"line":103,"column":2},"end":{"line":105,"column":3}},"type":"if","locations":[{"start":{"line":103,"column":2},"end":{"line":105,"column":3}}]},"8":{"loc":{"start":{"line":108,"column":2},"end":{"line":110,"column":3}},"type":"if","locations":[{"start":{"line":108,"column":2},"end":{"line":110,"column":3}}]},"9":{"loc":{"start":{"line":116,"column":4},"end":{"line":118,"column":5}},"type":"if","locations":[{"start":{"line":116,"column":4},"end":{"line":118,"column":5}}]},"10":{"loc":{"start":{"line":131,"column":2},"end":{"line":133,"column":3}},"type":"if","locations":[{"start":{"line":131,"column":2},"end":{"line":133,"column":3}}]},"11":{"loc":{"start":{"line":131,"column":6},"end":{"line":131,"column":39}},"type":"binary-expr","locations":[{"start":{"line":131,"column":6},"end":{"line":131,"column":11}},{"start":{"line":131,"column":15},"end":{"line":131,"column":39}}]},"12":{"loc":{"start":{"line":136,"column":2},"end":{"line":138,"column":3}},"type":"if","locations":[{"start":{"line":136,"column":2},"end":{"line":138,"column":3}}]},"13":{"loc":{"start":{"line":136,"column":6},"end":{"line":136,"column":55}},"type":"binary-expr","locations":[{"start":{"line":136,"column":6},"end":{"line":136,"column":19}},{"start":{"line":136,"column":23},"end":{"line":136,"column":55}}]},"14":{"loc":{"start":{"line":141,"column":2},"end":{"line":143,"column":3}},"type":"if","locations":[{"start":{"line":141,"column":2},"end":{"line":143,"column":3}}]},"15":{"loc":{"start":{"line":141,"column":6},"end":{"line":141,"column":49}},"type":"binary-expr","locations":[{"start":{"line":141,"column":6},"end":{"line":141,"column":16}},{"start":{"line":141,"column":20},"end":{"line":141,"column":49}}]},"16":{"loc":{"start":{"line":146,"column":2},"end":{"line":148,"column":3}},"type":"if","locations":[{"start":{"line":146,"column":2},"end":{"line":148,"column":3}}]},"17":{"loc":{"start":{"line":146,"column":6},"end":{"line":146,"column":73}},"type":"binary-expr","locations":[{"start":{"line":146,"column":6},"end":{"line":146,"column":45}},{"start":{"line":146,"column":49},"end":{"line":146,"column":73}}]},"18":{"loc":{"start":{"line":151,"column":2},"end":{"line":153,"column":3}},"type":"if","locations":[{"start":{"line":151,"column":2},"end":{"line":153,"column":3}}]},"19":{"loc":{"start":{"line":151,"column":6},"end":{"line":151,"column":71}},"type":"binary-expr","locations":[{"start":{"line":151,"column":6},"end":{"line":151,"column":44}},{"start":{"line":151,"column":48},"end":{"line":151,"column":71}}]},"20":{"loc":{"start":{"line":156,"column":2},"end":{"line":158,"column":3}},"type":"if","locations":[{"start":{"line":156,"column":2},"end":{"line":158,"column":3}}]},"21":{"loc":{"start":{"line":160,"column":2},"end":{"line":162,"column":3}},"type":"if","locations":[{"start":{"line":160,"column":2},"end":{"line":162,"column":3}}]},"22":{"loc":{"start":{"line":166,"column":4},"end":{"line":168,"column":5}},"type":"if","locations":[{"start":{"line":166,"column":4},"end":{"line":168,"column":5}}]},"23":{"loc":{"start":{"line":194,"column":4},"end":{"line":196,"column":5}},"type":"if","locations":[{"start":{"line":194,"column":4},"end":{"line":196,"column":5}}]},"24":{"loc":{"start":{"line":223,"column":2},"end":{"line":235,"column":3}},"type":"if","locations":[{"start":{"line":223,"column":2},"end":{"line":235,"column":3}}]},"25":{"loc":{"start":{"line":223,"column":6},"end":{"line":223,"column":35}},"type":"binary-expr","locations":[{"start":{"line":223,"column":6},"end":{"line":223,"column":20}},{"start":{"line":223,"column":24},"end":{"line":223,"column":35}}]}},"s":{"0":5,"1":5,"2":3639,"3":3639,"4":3539,"5":3539,"6":746,"7":2793,"8":8379,"9":2793,"10":100,"11":5,"12":3539,"13":107,"14":3432,"15":112,"16":3320,"17":4,"18":3316,"19":113,"20":3203,"21":3203,"22":8887,"23":8887,"24":8887,"25":410,"26":2793,"27":8887,"28":0,"29":8887,"30":25,"31":8862,"32":29,"33":8833,"34":220,"35":8613,"36":16,"37":8597,"38":18,"39":8579,"40":101,"41":8478,"42":8478,"43":50357,"44":1,"45":8477,"46":2595,"47":2595,"48":0,"49":0,"50":5,"51":2937,"52":2937,"53":2937,"54":810,"55":2127,"56":0,"57":0,"58":5,"59":2945,"60":2945,"61":0,"62":5,"63":3403,"64":3403,"65":2591,"66":2591,"67":0,"68":3403,"69":5},"f":{"0":3639,"1":8379,"2":3539,"3":8887,"4":2595,"5":2937,"6":2945,"7":3403},"b":{"0":[222,3417],"1":[746],"2":[100,0],"3":[107],"4":[3539,3467],"5":[112],"6":[3432,3321],"7":[4],"8":[113],"9":[410],"10":[0],"11":[8887,8887],"12":[25],"13":[8887,8862],"14":[29],"15":[8862,8833],"16":[220],"17":[8833,8714],"18":[16],"19":[8613,8598],"20":[18],"21":[101],"22":[1],"23":[810],"24":[2591],"25":[3403,2591]}}
,"D:\\Projects\\VibgyorPaymentHandler\\frontend\\src\\environments\\environment.development.ts": {"path":"D:\\Projects\\VibgyorPaymentHandler\\frontend\\src\\environments\\environment.development.ts","statementMap":{"0":{"start":{"line":4,"column":13},"end":{"line":7,"column":2}}},"fnMap":{},"branchMap":{},"s":{"0":0},"f":{},"b":{}}
,"D:\\Projects\\VibgyorPaymentHandler\\frontend\\src\\environments\\environment.ts": {"path":"D:\\Projects\\VibgyorPaymentHandler\\frontend\\src\\environments\\environment.ts","statementMap":{"0":{"start":{"line":4,"column":13},"end":{"line":7,"column":2}}},"fnMap":{},"branchMap":{},"s":{"0":1},"f":{},"b":{}}
}
