TN:
SF:src\app\app.component.ts
FNF:0
FNH:0
DA:1,0
DA:2,0
DA:3,0
DA:14,0
DA:15,0
LF:5
LH:0
BRF:0
BRH:0
end_of_record
TN:
SF:src\app\theme-test.component.ts
FNF:0
FNH:0
DA:7,1
DA:8,1
DA:90,1
LF:3
LH:3
BRF:0
BRH:0
end_of_record
TN:
SF:src\app\components\index.ts
FNF:0
FNH:0
DA:1,0
DA:2,0
LF:2
LH:0
BRF:0
BRH:0
end_of_record
TN:
SF:src\app\components\billing-cycle-toggle\billing-cycle-toggle.component.ts
FN:15,(anonymous_0)
FNF:1
FNH:1
FNDA:1713,(anonymous_0)
DA:1,4
DA:2,4
DA:11,4
DA:12,132
DA:13,132
DA:16,1713
DA:17,612
LF:7
LH:7
BRDA:16,0,0,612
BRF:1
BRH:1
end_of_record
TN:
SF:src\app\components\pricing-card\pricing-card.component.ts
FN:20,(anonymous_0)
FN:30,(anonymous_1)
FN:34,(anonymous_2)
FN:38,(anonymous_3)
FNF:4
FNH:4
FNDA:1858,(anonymous_0)
FNDA:1650,(anonymous_1)
FNDA:1,(anonymous_2)
FNDA:1,(anonymous_3)
DA:1,4
DA:2,4
DA:12,4
DA:14,33
DA:15,33
DA:17,33
DA:18,33
DA:21,1858
DA:22,207
DA:24,1651
DA:27,1651
DA:31,1650
DA:35,1
DA:39,1
LF:14
LH:14
BRDA:21,0,0,207
BRDA:24,1,0,868
BRDA:24,1,1,783
BRDA:31,2,0,867
BRDA:31,2,1,783
BRF:5
BRH:5
end_of_record
TN:
SF:src\app\models\api.models.ts
FN:61,(anonymous_0)
FNF:1
FNH:1
FNDA:7,(anonymous_0)
DA:61,7
DA:62,7
DA:63,7
DA:64,7
DA:65,7
DA:66,7
DA:67,7
DA:68,7
LF:8
LH:8
BRDA:61,0,0,7
BRDA:61,0,1,7
BRF:2
BRH:2
end_of_record
TN:
SF:src\app\models\index.ts
FNF:0
FNH:0
DA:7,0
DA:10,0
DA:13,0
LF:3
LH:0
BRF:0
BRH:0
end_of_record
TN:
SF:src\app\pages\index.ts
FN:6,(anonymous_0)
FNF:1
FNH:0
FNDA:0,(anonymous_0)
DA:6,0
LF:1
LH:0
BRF:0
BRH:0
end_of_record
TN:
SF:src\app\pages\pricing-page\pricing-page.component.ts
FN:31,(anonymous_0)
FN:33,(anonymous_1)
FN:40,(anonymous_2)
FN:73,(anonymous_3)
FN:94,(anonymous_4)
FN:101,(anonymous_5)
FN:106,(anonymous_6)
FN:122,(anonymous_7)
FN:137,(anonymous_8)
FN:142,(anonymous_9)
FN:153,(anonymous_10)
FN:167,(anonymous_11)
FNF:12
FNH:12
FNDA:44,(anonymous_0)
FNDA:1830,(anonymous_1)
FNDA:1830,(anonymous_2)
FNDA:6,(anonymous_3)
FNDA:2,(anonymous_4)
FNDA:1211,(anonymous_5)
FNDA:2487,(anonymous_6)
FNDA:1110,(anonymous_7)
FNDA:1104,(anonymous_8)
FNDA:6,(anonymous_9)
FNDA:802,(anonymous_10)
FNDA:4,(anonymous_11)
DA:1,2
DA:2,2
DA:3,2
DA:4,2
DA:5,2
DA:6,2
DA:20,2
DA:21,44
DA:22,44
DA:23,44
DA:24,44
DA:26,44
DA:31,44
DA:34,1830
DA:41,1830
DA:43,1830
DA:46,1830
DA:47,6
DA:48,6
DA:49,6
DA:50,6
DA:51,0
DA:53,6
DA:54,6
DA:57,0
DA:58,0
DA:62,1824
DA:64,0
DA:65,0
DA:75,6
DA:76,6
DA:78,6
DA:79,6
DA:80,6
DA:82,0
DA:88,0
DA:95,2
DA:102,1211
DA:103,0
DA:106,2487
DA:107,1211
DA:108,101
DA:109,101
DA:112,1110
DA:116,1110
DA:123,1110
DA:124,0
DA:127,1110
DA:128,1110
DA:131,1110
DA:139,1104
DA:140,1104
DA:144,6
DA:145,6
DA:146,6
DA:154,802
DA:155,0
DA:159,802
DA:160,802
DA:161,802
DA:168,4
LF:61
LH:51
BRDA:46,0,0,6
BRDA:48,1,0,6
BRDA:48,1,1,0
BRDA:50,2,0,0
BRDA:50,2,1,6
BRDA:50,3,0,6
BRDA:50,3,1,0
BRDA:53,4,0,6
BRDA:53,4,1,0
BRDA:78,5,0,6
BRDA:102,6,0,0
BRDA:102,7,0,1211
BRDA:102,7,1,1211
BRDA:107,8,0,101
BRDA:112,9,0,548
BRDA:112,9,1,562
BRDA:123,10,0,0
BRDA:145,11,0,6
BRDA:145,11,1,1
BRDA:154,12,0,0
BRDA:168,13,0,4
BRDA:168,13,1,0
BRF:22
BRH:14
end_of_record
TN:
SF:src\app\services\index.ts
FN:6,(anonymous_0)
FN:8,(anonymous_1)
FN:9,(anonymous_2)
FN:10,(anonymous_3)
FN:11,(anonymous_4)
FN:12,(anonymous_5)
FNF:6
FNH:0
FNDA:0,(anonymous_0)
FNDA:0,(anonymous_1)
FNDA:0,(anonymous_2)
FNDA:0,(anonymous_3)
FNDA:0,(anonymous_4)
FNDA:0,(anonymous_5)
DA:6,0
DA:7,0
DA:8,0
DA:9,0
DA:10,0
DA:11,0
DA:12,0
LF:7
LH:0
BRF:0
BRH:0
end_of_record
TN:
SF:src\app\services\payment-sdk-loader.service.ts
FN:37,(anonymous_0)
FN:45,(anonymous_1)
FN:55,(anonymous_2)
FN:68,(anonymous_3)
FN:82,(anonymous_4)
FN:101,(anonymous_5)
FN:110,(anonymous_6)
FN:123,(anonymous_7)
FN:149,(anonymous_8)
FNF:9
FNH:8
FNDA:11,(anonymous_0)
FNDA:4,(anonymous_1)
FNDA:4,(anonymous_2)
FNDA:9,(anonymous_3)
FNDA:6,(anonymous_4)
FNDA:1,(anonymous_5)
FNDA:1,(anonymous_6)
FNDA:0,(anonymous_7)
FNDA:2,(anonymous_8)
DA:1,5
DA:32,5
DA:38,11
DA:47,4
DA:56,4
DA:57,2
DA:58,2
DA:59,1
DA:61,1
DA:69,9
DA:70,6
DA:71,3
DA:72,2
DA:74,1
DA:84,6
DA:85,1
DA:86,1
DA:91,1
DA:94,5
DA:103,1
DA:112,1
DA:120,5
DA:121,5
DA:123,4
DA:125,0
DA:132,4
DA:135,1
DA:136,1
DA:151,2
DA:152,2
DA:153,2
DA:158,2
DA:167,0
DA:168,0
LF:34
LH:31
BRDA:38,0,0,11
BRDA:38,0,1,8
BRDA:56,1,0,2
BRDA:56,1,1,2
BRDA:58,2,0,1
BRDA:69,3,0,6
BRDA:69,3,1,3
BRDA:71,4,0,2
BRDA:71,4,1,1
BRDA:84,5,0,1
BRDA:126,6,0,0
BRDA:126,6,1,0
BRDA:151,7,0,2
BRF:13
BRH:11
end_of_record
TN:
SF:src\app\services\payment.service.ts
FN:28,(anonymous_0)
FN:42,(anonymous_1)
FN:45,(anonymous_2)
FN:66,(anonymous_3)
FN:93,(anonymous_4)
FN:99,(anonymous_5)
FN:102,(anonymous_6)
FN:110,(anonymous_7)
FN:120,(anonymous_8)
FN:127,(anonymous_9)
FN:144,(anonymous_10)
FN:151,(anonymous_11)
FN:153,(anonymous_12)
FN:168,(anonymous_13)
FN:181,(anonymous_14)
FN:195,(anonymous_15)
FN:221,(anonymous_16)
FN:237,(anonymous_17)
FN:253,(anonymous_18)
FN:283,(anonymous_19)
FNF:20
FNH:20
FNDA:30,(anonymous_0)
FNDA:19,(anonymous_1)
FNDA:25,(anonymous_2)
FNDA:14,(anonymous_3)
FNDA:5,(anonymous_4)
FNDA:5,(anonymous_5)
FNDA:4,(anonymous_6)
FNDA:2,(anonymous_7)
FNDA:2,(anonymous_8)
FNDA:1,(anonymous_9)
FNDA:2,(anonymous_10)
FNDA:2,(anonymous_11)
FNDA:1,(anonymous_12)
FNDA:1,(anonymous_13)
FNDA:2,(anonymous_14)
FNDA:5,(anonymous_15)
FNDA:403,(anonymous_16)
FNDA:504,(anonymous_17)
FNDA:10,(anonymous_18)
FNDA:10,(anonymous_19)
DA:1,4
DA:2,4
DA:3,4
DA:4,4
DA:13,4
DA:14,4
DA:23,4
DA:25,30
DA:26,30
DA:29,30
DA:30,30
DA:33,30
DA:43,19
DA:47,25
DA:48,21
DA:49,21
DA:50,21
DA:53,4
DA:71,14
DA:77,14
DA:99,5
DA:101,5
DA:104,4
DA:112,2
DA:122,2
DA:123,2
DA:128,1
DA:151,2
DA:152,2
DA:154,1
DA:155,1
DA:162,1
DA:163,1
DA:165,0
DA:169,1
DA:182,2
DA:183,2
DA:201,5
DA:208,5
DA:223,403
DA:224,403
DA:225,403
DA:226,403
DA:229,403
DA:239,504
DA:240,504
DA:241,504
DA:244,504
DA:254,10
DA:256,10
DA:258,0
DA:259,10
DA:261,3
DA:262,7
DA:264,3
DA:265,4
DA:267,4
DA:268,4
DA:269,3
DA:271,1
DA:275,0
DA:276,0
DA:277,0
DA:279,0
DA:283,10
LF:65
LH:59
BRDA:42,0,0,19
BRDA:47,1,0,21
BRDA:47,2,0,25
BRDA:47,2,1,14
BRDA:47,2,2,10
BRDA:123,3,0,2
BRDA:123,3,1,0
BRDA:154,4,0,1
BRDA:154,4,1,0
BRDA:182,5,0,2
BRDA:182,5,1,0
BRDA:182,5,2,0
BRDA:256,6,0,0
BRDA:256,6,1,10
BRDA:259,7,0,3
BRDA:259,7,1,7
BRDA:262,8,0,3
BRDA:262,8,1,4
BRDA:262,9,0,7
BRDA:262,9,1,3
BRDA:265,10,0,4
BRDA:265,10,1,0
BRDA:265,11,0,4
BRDA:265,11,1,4
BRDA:268,12,0,3
BRDA:268,12,1,1
BRDA:268,13,0,4
BRDA:268,13,1,4
BRDA:276,14,0,0
BRDA:276,14,1,0
BRDA:276,15,0,0
BRDA:276,15,1,0
BRF:32
BRH:22
end_of_record
TN:
SF:src\app\services\pricing-data-parser.service.ts
FN:42,parsePricingData
FN:61,(anonymous_1)
FN:91,validatePricingData
FN:130,validatePlan
FN:178,storePricingData
FN:191,getStoredPricingData
FN:207,clearPricingData
FN:220,parseAndStorePricingData
FNF:8
FNH:8
FNDA:3639,parsePricingData
FNDA:8379,(anonymous_1)
FNDA:3539,validatePricingData
FNDA:8887,validatePlan
FNDA:2595,storePricingData
FNDA:2937,getStoredPricingData
FNDA:2945,clearPricingData
FNDA:3403,parseAndStorePricingData
DA:7,5
DA:9,5
DA:42,5
DA:43,3639
DA:45,3639
DA:48,3539
DA:49,3539
DA:50,746
DA:60,2793
DA:61,8379
DA:71,2793
DA:76,100
DA:93,3539
DA:94,107
DA:98,3432
DA:99,112
DA:103,3320
DA:104,4
DA:108,3316
DA:109,113
DA:113,3203
DA:114,8887
DA:115,8887
DA:116,8887
DA:117,410
DA:121,2793
DA:131,8887
DA:132,0
DA:136,8887
DA:137,25
DA:141,8862
DA:142,29
DA:146,8833
DA:147,220
DA:151,8613
DA:152,16
DA:156,8597
DA:157,18
DA:160,8579
DA:161,101
DA:165,8478
DA:166,50357
DA:167,1
DA:171,8477
DA:178,5
DA:179,2595
DA:180,2595
DA:182,0
DA:183,0
DA:191,5
DA:192,2937
DA:193,2937
DA:194,2937
DA:195,810
DA:197,2127
DA:199,0
DA:200,0
DA:207,5
DA:208,2945
DA:209,2945
DA:211,0
DA:220,5
DA:221,3403
DA:223,3403
DA:224,2591
DA:225,2591
DA:227,0
DA:237,3403
LF:68
LH:61
BRDA:45,0,0,222
BRDA:45,0,1,3417
BRDA:49,1,0,746
BRDA:80,2,0,100
BRDA:80,2,1,0
BRDA:93,3,0,107
BRDA:93,4,0,3539
BRDA:93,4,1,3467
BRDA:98,5,0,112
BRDA:98,6,0,3432
BRDA:98,6,1,3321
BRDA:103,7,0,4
BRDA:108,8,0,113
BRDA:116,9,0,410
BRDA:131,10,0,0
BRDA:131,11,0,8887
BRDA:131,11,1,8887
BRDA:136,12,0,25
BRDA:136,13,0,8887
BRDA:136,13,1,8862
BRDA:141,14,0,29
BRDA:141,15,0,8862
BRDA:141,15,1,8833
BRDA:146,16,0,220
BRDA:146,17,0,8833
BRDA:146,17,1,8714
BRDA:151,18,0,16
BRDA:151,19,0,8613
BRDA:151,19,1,8598
BRDA:156,20,0,18
BRDA:160,21,0,101
BRDA:166,22,0,1
BRDA:194,23,0,810
BRDA:223,24,0,2591
BRDA:223,25,0,3403
BRDA:223,25,1,2591
BRF:36
BRH:34
end_of_record
TN:
SF:src\environments\environment.development.ts
FNF:0
FNH:0
DA:4,0
LF:1
LH:0
BRF:0
BRH:0
end_of_record
TN:
SF:src\environments\environment.ts
FNF:0
FNH:0
DA:4,1
LF:1
LH:1
BRF:0
BRH:0
end_of_record
